<?xml version="1.0" encoding="UTF-8"?>
<!-- Generated by org.testng.reporters.JUnitXMLReporter -->
<testsuite hostname="DESKTOP-ICBR68V" ignored="0" name="Add other payment or deduction where benefit type is deduction" tests="5" failures="0" timestamp="05 Mar 2018 11:00:15 GMT" time="102.213" errors="0">
  <testcase name="@AfterMethod afterMethod" time="0.001" classname="com.test.xcdhr.Core_HR_Sence_Check.testBase.TestBase">
    <failure type="org.openqa.selenium.NoSuchSessionException" message="The FirefoxDriver cannot be used after quit() was called.
Build info: version: &amp;apos;3.0.1&amp;apos;, revision: &amp;apos;1969d75&amp;apos;, time: &amp;apos;2016-10-18 09:49:13 -0700&amp;apos;
System info: host: &amp;apos;DESKTOP-ICBR68V&amp;apos;, ip: &amp;apos;192.168.1.130&amp;apos;, os.name: &amp;apos;Windows 10&amp;apos;, os.arch: &amp;apos;amd64&amp;apos;, os.version: &amp;apos;10.0&amp;apos;, java.version: &amp;apos;1.8.0_151&amp;apos;
Driver info: driver.version: FirefoxDriver">
      <![CDATA[org.openqa.selenium.NoSuchSessionException: The FirefoxDriver cannot be used after quit() was called.
Build info: version: '3.0.1', revision: '1969d75', time: '2016-10-18 09:49:13 -0700'
System info: host: 'DESKTOP-ICBR68V', ip: '192.168.1.130', os.name: 'Windows 10', os.arch: 'amd64', os.version: '10.0', java.version: '1.8.0_151'
Driver info: driver.version: FirefoxDriver
at org.openqa.selenium.firefox.FirefoxDriver$LazyCommandExecutor.execute(FirefoxDriver.java:464)
at org.openqa.selenium.remote.RemoteWebDriver.execute(RemoteWebDriver.java:601)
at org.openqa.selenium.remote.RemoteWebDriver.execute(RemoteWebDriver.java:658)
at org.openqa.selenium.firefox.FirefoxDriver.getScreenshotAs(FirefoxDriver.java:428)
at com.test.xcdhr.Core_HR_Sence_Check.testBase.TestBase.captureScreen(TestBase.java:141)
at com.test.xcdhr.Core_HR_Sence_Check.testBase.TestBase.getresult(TestBase.java:157)
at com.test.xcdhr.Core_HR_Sence_Check.testBase.TestBase.afterMethod(TestBase.java:172)
... Removed 27 stack frames]]>
    </failure>
  </testcase> <!-- @AfterMethod afterMethod -->
  <testcase name="searchEmployeeForSetupOtherPaymentDeduction" time="39.82" classname="com.test.xcdhr.Core_HR_Sence_Check.AddOherPaymentOrDeduction.TC003_AddOtherPaymentOrDeductionBenefitTypeDeduction"/>
  <testcase name="clickOnSearchedEmployeeAndVerifyRewardTab" time="14.902" classname="com.test.xcdhr.Core_HR_Sence_Check.AddOherPaymentOrDeduction.TC003_AddOtherPaymentOrDeductionBenefitTypeDeduction"/>
  <testcase name="verifyAddOtherPaymentDeductionButton" time="5.072" classname="com.test.xcdhr.Core_HR_Sence_Check.AddOherPaymentOrDeduction.TC003_AddOtherPaymentOrDeductionBenefitTypeDeduction"/>
  <testcase name="setupOtherPaymentDeductionForDeduction" time="31.121" classname="com.test.xcdhr.Core_HR_Sence_Check.AddOherPaymentOrDeduction.TC003_AddOtherPaymentOrDeductionBenefitTypeDeduction"/>
  <testcase name="closeBroswe" time="0.387" classname="com.test.xcdhr.Core_HR_Sence_Check.AddOherPaymentOrDeduction.TC003_AddOtherPaymentOrDeductionBenefitTypeDeduction"/>
</testsuite> <!-- Add other payment or deduction where benefit type is deduction -->
