<?xml version="1.0" encoding="UTF-8"?>
<!-- Generated by org.testng.reporters.JUnitReportReporter -->
<testsuite skipped="1" hostname="DESKTOP-ICBR68V" name="com.test.xcdhr.Core_HR_Sence_Check.AddPaymentOrDeduction.TC001_VerifyAddPaymentOrDeduction" tests="5" failures="1" timestamp="31 Jan 2018 15:42:47 GMT" time="52.492" errors="0">
  <testcase name="clickOnSearchedEmployeeAndRewardTab" time="6.658" classname="com.test.xcdhr.Core_HR_Sence_Check.AddPaymentOrDeduction.TC001_VerifyAddPaymentOrDeduction"/>
  <testcase name="searchEmployeeRecord" time="40.999" classname="com.test.xcdhr.Core_HR_Sence_Check.AddPaymentOrDeduction.TC001_VerifyAddPaymentOrDeduction"/>
  <testcase name="verifyPaymentAmount" time="0.273" classname="com.test.xcdhr.Core_HR_Sence_Check.AddPaymentOrDeduction.TC001_VerifyAddPaymentOrDeduction">
    <failure type="java.lang.AssertionError" message="expected [GBP 200.00] but found [GBP 500.00]">
      <![CDATA[java.lang.AssertionError: expected [GBP 200.00] but found [GBP 500.00]at org.testng.Assert.fail(Assert.java:96)at org.testng.Assert.failNotEquals(Assert.java:776)at org.testng.Assert.assertEqualsImpl(Assert.java:137)at org.testng.Assert.assertEquals(Assert.java:118)at org.testng.Assert.assertEquals(Assert.java:453)at org.testng.Assert.assertEquals(Assert.java:463)at com.test.xcdhr.Core_HR_Sence_Check.AddPaymentOrDeduction.TC001_VerifyAddPaymentOrDeduction.verifyPaymentAmount(TC001_VerifyAddPaymentOrDeduction.java:95)at sun.reflect.NativeMethodAccessorImpl.invoke0(Native Method)at sun.reflect.NativeMethodAccessorImpl.invoke(Unknown Source)at sun.reflect.DelegatingMethodAccessorImpl.invoke(Unknown Source)at java.lang.reflect.Method.invoke(Unknown Source)at org.testng.internal.MethodInvocationHelper.invokeMethod(MethodInvocationHelper.java:124)at org.testng.internal.Invoker.invokeMethod(Invoker.java:571)at org.testng.internal.Invoker.invokeTestMethod(Invoker.java:707)at org.testng.internal.Invoker.invokeTestMethods(Invoker.java:979)at org.testng.internal.TestMethodWorker.invokeTestMethods(TestMethodWorker.java:125)at org.testng.internal.TestMethodWorker.run(TestMethodWorker.java:109)at org.testng.TestRunner.privateRun(TestRunner.java:648)at org.testng.TestRunner.run(TestRunner.java:505)at org.testng.SuiteRunner.runTest(SuiteRunner.java:455)at org.testng.SuiteRunner.runSequentially(SuiteRunner.java:450)at org.testng.SuiteRunner.privateRun(SuiteRunner.java:415)at org.testng.SuiteRunner.run(SuiteRunner.java:364)at org.testng.SuiteRunnerWorker.runSuite(SuiteRunnerWorker.java:52)at org.testng.SuiteRunnerWorker.run(SuiteRunnerWorker.java:84)at org.testng.TestNG.runSuitesSequentially(TestNG.java:1187)at org.testng.TestNG.runSuitesLocally(TestNG.java:1116)at org.testng.TestNG.runSuites(TestNG.java:1028)at org.testng.TestNG.run(TestNG.java:996)at org.testng.remote.AbstractRemoteTestNG.run(AbstractRemoteTestNG.java:114)at org.testng.remote.RemoteTestNG.initAndRun(RemoteTestNG.java:251)at org.testng.remote.RemoteTestNG.main(RemoteTestNG.java:77)]]>
    </failure>
  </testcase> <!-- verifyPaymentAmount -->
  <testcase name="verifyPaymentDedutonAndClick" time="4.562" classname="com.test.xcdhr.Core_HR_Sence_Check.AddPaymentOrDeduction.TC001_VerifyAddPaymentOrDeduction"/>
  <testcase name="verifyRecordType" time="0.000" classname="com.test.xcdhr.Core_HR_Sence_Check.AddPaymentOrDeduction.TC001_VerifyAddPaymentOrDeduction">
    <skipped/>
  </testcase> <!-- verifyRecordType -->
</testsuite> <!-- com.test.xcdhr.Core_HR_Sence_Check.AddPaymentOrDeduction.TC001_VerifyAddPaymentOrDeduction -->
