<?xml version="1.0" encoding="UTF-8"?>
<!-- Generated by org.testng.reporters.JUnitXMLReporter -->
<testsuite hostname="DESKTOP-ICBR68V" ignored="0" name="Annual leave for hours worker " tests="3" failures="1" timestamp="24 Apr 2018 10:41:07 GMT" time="79.525" errors="0">
  <testcase name="loginAndClickMyDetail" time="24.678" classname="com.test.xcdhr.Core_HR_Sense_Check.HrEmployeeLeaveBooking.TC004_BookAnnualLeaveForHoursWorkerAndVerify"/>
  <testcase name="setupLrAndSubmit" time="43.496" classname="com.test.xcdhr.Core_HR_Sense_Check.HrEmployeeLeaveBooking.TC004_BookAnnualLeaveForHoursWorkerAndVerify">
    <failure type="org.openqa.selenium.NoSuchElementException" message="Unable to locate element: {&amp;quot;method&amp;quot;:&amp;quot;xpath&amp;quot;,&amp;quot;selector&amp;quot;:&amp;quot;//*[contains(text(),&amp;apos;Hours booked hh&amp;apos;)]//following::input[1]&amp;quot;}
Command duration or timeout: 10.02 seconds
For documentation on this error, please visit: http://seleniumhq.org/exceptions/no_such_element.html
Build info: version: &amp;apos;3.0.1&amp;apos;, revision: &amp;apos;1969d75&amp;apos;, time: &amp;apos;2016-10-18 09:49:13 -0700&amp;apos;
System info: host: &amp;apos;DESKTOP-ICBR68V&amp;apos;, ip: &amp;apos;192.168.1.130&amp;apos;, os.name: &amp;apos;Windows 10&amp;apos;, os.arch: &amp;apos;amd64&amp;apos;, os.version: &amp;apos;10.0&amp;apos;, java.version: &amp;apos;1.8.0_151&amp;apos;
Driver info: org.openqa.selenium.firefox.FirefoxDriver
Capabilities [{applicationCacheEnabled=true, rotatable=false, handlesAlerts=true, databaseEnabled=true, version=45.0.2, platform=WINDOWS, nativeEvents=false, acceptSslCerts=true, webStorageEnabled=true, locationContextEnabled=true, browserName=firefox, takesScreenshot=true, javascriptEnabled=true, cssSelectorsEnabled=true}]
Session ID: b9de8562-2a20-492a-a1b7-19ed4e482538
*** Element info: {Using=xpath, value=//*[contains(text(),&amp;apos;Hours booked hh&amp;apos;)]//following::input[1]}">
      <![CDATA[org.openqa.selenium.NoSuchElementException: Unable to locate element: {"method":"xpath","selector":"//*[contains(text(),'Hours booked hh')]//following::input[1]"}
Command duration or timeout: 10.02 seconds
For documentation on this error, please visit: http://seleniumhq.org/exceptions/no_such_element.html
Build info: version: '3.0.1', revision: '1969d75', time: '2016-10-18 09:49:13 -0700'
System info: host: 'DESKTOP-ICBR68V', ip: '192.168.1.130', os.name: 'Windows 10', os.arch: 'amd64', os.version: '10.0', java.version: '1.8.0_151'
Driver info: org.openqa.selenium.firefox.FirefoxDriver
Capabilities [{applicationCacheEnabled=true, rotatable=false, handlesAlerts=true, databaseEnabled=true, version=45.0.2, platform=WINDOWS, nativeEvents=false, acceptSslCerts=true, webStorageEnabled=true, locationContextEnabled=true, browserName=firefox, takesScreenshot=true, javascriptEnabled=true, cssSelectorsEnabled=true}]
Session ID: b9de8562-2a20-492a-a1b7-19ed4e482538
*** Element info: {Using=xpath, value=//*[contains(text(),'Hours booked hh')]//following::input[1]}
at org.openqa.selenium.remote.ErrorHandler.createThrowable(ErrorHandler.java:216)
at org.openqa.selenium.remote.ErrorHandler.throwIfResponseFailed(ErrorHandler.java:168)
at org.openqa.selenium.remote.RemoteWebDriver.execute(RemoteWebDriver.java:635)
at org.openqa.selenium.remote.RemoteWebDriver.findElement(RemoteWebDriver.java:368)
at org.openqa.selenium.remote.RemoteWebDriver.findElementByXPath(RemoteWebDriver.java:473)
at org.openqa.selenium.By$ByXPath.findElement(By.java:361)
at org.openqa.selenium.remote.RemoteWebDriver.findElement(RemoteWebDriver.java:360)
at org.openqa.selenium.support.pagefactory.DefaultElementLocator.findElement(DefaultElementLocator.java:69)
at org.openqa.selenium.support.pagefactory.internal.LocatingElementHandler.invoke(LocatingElementHandler.java:38)
at com.sun.proxy.$Proxy9.sendKeys(Unknown Source)
at com.test.xcdhr.Core_HR_Sense_Check.uiActions.LeaveBookingForHrEmployeeManagerTlPage.setupAnnualLeaveRequestForHoursAndSubmit(LeaveBookingForHrEmployeeManagerTlPage.java:302)
at com.test.xcdhr.Core_HR_Sense_Check.HrEmployeeLeaveBooking.TC004_BookAnnualLeaveForHoursWorkerAndVerify.setupLrAndSubmit(TC004_BookAnnualLeaveForHoursWorkerAndVerify.java:69)
Caused by: org.openqa.selenium.NoSuchElementException: Unable to locate element: {"method":"xpath","selector":"//*[contains(text(),'Hours booked hh')]//following::input[1]"}
For documentation on this error, please visit: http://seleniumhq.org/exceptions/no_such_element.html
Build info: version: '3.0.1', revision: '1969d75', time: '2016-10-18 09:49:13 -0700'
System info: host: 'DESKTOP-ICBR68V', ip: '192.168.1.130', os.name: 'Windows 10', os.arch: 'amd64', os.version: '10.0', java.version: '1.8.0_151'
Driver info: driver.version: unknown
at <anonymous class>.FirefoxDriver.prototype.findElementInternal_(file:///C:/Users/firoz/AppData/Local/Temp/anonymous3984398089889593237webdriver-profile/extensions/fxdriver@googlecode.com/components/driver-component.js:11187)
at <anonymous class>.fxdriver.Timer.prototype.setTimeout/<.notify(file:///C:/Users/firoz/AppData/Local/Temp/anonymous3984398089889593237webdriver-profile/extensions/fxdriver@googlecode.com/components/driver-component.js:792)
... Removed 29 stack frames]]>
    </failure>
  </testcase> <!-- setupLrAndSubmit -->
  <testcase name="verifyLRForHoursWorker" time="0.0" classname="com.test.xcdhr.Core_HR_Sense_Check.HrEmployeeLeaveBooking.TC004_BookAnnualLeaveForHoursWorkerAndVerify">
    <skipped/>
  </testcase> <!-- verifyLRForHoursWorker -->
</testsuite> <!-- Annual leave for hours worker  -->
