<?xml version="1.0" encoding="UTF-8"?>
<!-- Generated by org.testng.reporters.JUnitXMLReporter -->
<testsuite hostname="DESKTOP-ICBR68V" ignored="0" name="Change job role with pattern type RWPH" tests="3" failures="0" timestamp="12 Mar 2018 11:12:51 GMT" time="92.102" errors="0">
  <testcase name="@AfterMethod afterMethod" time="0.001" classname="com.test.xcdhr.Core_HR_Sence_Check.testBase.TestBase">
    <failure type="org.openqa.selenium.NoSuchSessionException" message="The FirefoxDriver cannot be used after quit() was called.
Build info: version: &amp;apos;3.0.1&amp;apos;, revision: &amp;apos;1969d75&amp;apos;, time: &amp;apos;2016-10-18 09:49:13 -0700&amp;apos;
System info: host: &amp;apos;DESKTOP-ICBR68V&amp;apos;, ip: &amp;apos;192.168.1.116&amp;apos;, os.name: &amp;apos;Windows 10&amp;apos;, os.arch: &amp;apos;amd64&amp;apos;, os.version: &amp;apos;10.0&amp;apos;, java.version: &amp;apos;1.8.0_151&amp;apos;
Driver info: driver.version: FirefoxDriver">
      <![CDATA[org.openqa.selenium.NoSuchSessionException: The FirefoxDriver cannot be used after quit() was called.
Build info: version: '3.0.1', revision: '1969d75', time: '2016-10-18 09:49:13 -0700'
System info: host: 'DESKTOP-ICBR68V', ip: '192.168.1.116', os.name: 'Windows 10', os.arch: 'amd64', os.version: '10.0', java.version: '1.8.0_151'
Driver info: driver.version: FirefoxDriver
at org.openqa.selenium.firefox.FirefoxDriver$LazyCommandExecutor.execute(FirefoxDriver.java:464)
at org.openqa.selenium.remote.RemoteWebDriver.execute(RemoteWebDriver.java:601)
at org.openqa.selenium.remote.RemoteWebDriver.execute(RemoteWebDriver.java:658)
at org.openqa.selenium.firefox.FirefoxDriver.getScreenshotAs(FirefoxDriver.java:428)
at com.test.xcdhr.Core_HR_Sence_Check.testBase.TestBase.captureScreen(TestBase.java:141)
at com.test.xcdhr.Core_HR_Sence_Check.testBase.TestBase.getresult(TestBase.java:157)
at com.test.xcdhr.Core_HR_Sence_Check.testBase.TestBase.afterMethod(TestBase.java:172)
... Removed 28 stack frames]]>
    </failure>
  </testcase> <!-- @AfterMethod afterMethod -->
  <testcase name="searchCreatedEmployeeForChangeJR" time="21.766" classname="com.test.xcdhr.Core_HR_Sence_Check.ChangeJobRole.TC002_Change_JR_With_PatternType_RWPH"/>
  <testcase name="clickOnSearchedEmployee" time="9.44" classname="com.test.xcdhr.Core_HR_Sence_Check.ChangeJobRole.TC002_Change_JR_With_PatternType_RWPH"/>
  <testcase name="clickSave" time="50.982" classname="com.test.xcdhr.Core_HR_Sence_Check.ChangeJobRole.TC002_Change_JR_With_PatternType_RWPH"/>
</testsuite> <!-- Change job role with pattern type RWPH -->
