<?xml version="1.0" encoding="UTF-8"?>
<!-- Generated by org.testng.reporters.JUnitXMLReporter -->
<testsuite hostname="DESKTOP-ICBR68V" ignored="0" name="Add paymentDeduction where type = OneOff Benefit" tests="4" failures="1" timestamp="19 Feb 2018 13:44:24 GMT" time="51.471" errors="0">
  <testcase name="searchEmployeeForSetupOtherPaymentDeduction" time="44.225" classname="com.test.xcdhr.Core_HR_Sence_Check.AddPaymentOrDeduction.TC001_AddPaymentOrDeductionOneOffBenefitType"/>
  <testcase name="clickOnSearchedEmployeeAndVerifyRewardTab" time="0.0" classname="com.test.xcdhr.Core_HR_Sence_Check.AddPaymentOrDeduction.TC001_AddPaymentOrDeductionOneOffBenefitType">
    <failure type="org.testng.TestNGException" message="
Cannot inject @Test annotated Method [clickOnSearchedEmployeeAndVerifyRewardTab] with [class java.lang.String].
For more information on native dependency injection please refer to http://testng.org/doc/documentation-main.html#native-dependency-injection">
      <![CDATA[org.testng.TestNGException: Cannot inject @Test annotated Method [clickOnSearchedEmployeeAndVerifyRewardTab] with [class java.lang.String].For more information on native dependency injection please refer to http://testng.org/doc/documentation-main.html#native-dependency-injection... Removed 24 stack frames]]>
    </failure>
  </testcase> <!-- clickOnSearchedEmployeeAndVerifyRewardTab -->
  <testcase name="verifyPaymentDeductionButton" time="0.0" classname="com.test.xcdhr.Core_HR_Sence_Check.AddPaymentOrDeduction.TC001_AddPaymentOrDeductionOneOffBenefitType">
    <skipped/>
  </testcase> <!-- verifyPaymentDeductionButton -->
  <testcase name="VerifyAndSetupPaymentDeduction" time="0.0" classname="com.test.xcdhr.Core_HR_Sence_Check.AddPaymentOrDeduction.TC001_AddPaymentOrDeductionOneOffBenefitType">
    <skipped/>
  </testcase> <!-- VerifyAndSetupPaymentDeduction -->
</testsuite> <!-- Add paymentDeduction where type = OneOff Benefit -->
