<html>
<head>
<title>TestNG:  Verify paymentDeduction where type is One Off Benefit</title>
<link href="../testng.css" rel="stylesheet" type="text/css" />
<link href="../my-testng.css" rel="stylesheet" type="text/css" />

<style type="text/css">
.log { display: none;} 
.stack-trace { display: none;} 
</style>
<script type="text/javascript">
<!--
function flip(e) {
  current = e.style.display;
  if (current == 'block') {
    e.style.display = 'none';
    return 0;
  }
  else {
    e.style.display = 'block';
    return 1;
  }
}

function toggleBox(szDivId, elem, msg1, msg2)
{
  var res = -1;  if (document.getElementById) {
    res = flip(document.getElementById(szDivId));
  }
  else if (document.all) {
    // this is the way old msie versions work
    res = flip(document.all[szDivId]);
  }
  if(elem) {
    if(res == 0) elem.innerHTML = msg1; else elem.innerHTML = msg2;
  }

}

function toggleAllBoxes() {
  if (document.getElementsByTagName) {
    d = document.getElementsByTagName('div');
    for (i = 0; i < d.length; i++) {
      if (d[i].className == 'log') {
        flip(d[i]);
      }
    }
  }
}

// -->
</script>

</head>
<body>
<h2 align='center'>Verify paymentDeduction where type is One Off Benefit</h2><table border='1' align="center">
<tr>
<td>Tests passed/Failed/Skipped:</td><td>3/1/1</td>
</tr><tr>
<td>Started on:</td><td>Tue Mar 06 13:09:07 IST 2018</td>
</tr>
<tr><td>Total time:</td><td>71 seconds (71841 ms)</td>
</tr><tr>
<td>Included groups:</td><td></td>
</tr><tr>
<td>Excluded groups:</td><td></td>
</tr>
</table><p/>
<small><i>(Hover the method name to see the test class name)</i></small><p/>
<table width='100%' border='1' class='invocation-failed'>
<tr><td colspan='4' align='center'><b>FAILED TESTS</b></td></tr>
<tr><td><b>Test method</b></td>
<td width="30%"><b>Exception</b></td>
<td width="10%"><b>Time (seconds)</b></td>
<td><b>Instance</b></td>
</tr>
<tr>
<td title='com.test.xcdhr.Core_HR_Sence_Check.AddPaymentOrDeduction.TC001_VerifyAddPaymentOrDeductionOneOffBenefitType.verifyPaymentAmount()'><b>verifyPaymentAmount</b><br>Test class: com.test.xcdhr.Core_HR_Sence_Check.AddPaymentOrDeduction.TC001_VerifyAddPaymentOrDeductionOneOffBenefitType<br>Parameters: GBP 500.00</td>
<td><div><pre>java.lang.AssertionError: expected [GBP 500.00] but found [GBP 0.00]
	at com.test.xcdhr.Core_HR_Sence_Check.AddPaymentOrDeduction.TC001_VerifyAddPaymentOrDeductionOneOffBenefitType.verifyPaymentAmount(TC001_VerifyAddPaymentOrDeductionOneOffBenefitType.java:96)
... Removed 31 stack frames</pre></div><a href='#' onClick='toggleBox("stack-trace1340057206", this, "Click to show all stack frames", "Click to hide stack frames")'>Click to show all stack frames</a>
<div class='stack-trace' id='stack-trace1340057206'><pre>java.lang.AssertionError: expected [GBP 500.00] but found [GBP 0.00]
	at org.testng.Assert.fail(Assert.java:96)
	at org.testng.Assert.failNotEquals(Assert.java:776)
	at org.testng.Assert.assertEqualsImpl(Assert.java:137)
	at org.testng.Assert.assertEquals(Assert.java:118)
	at org.testng.Assert.assertEquals(Assert.java:453)
	at org.testng.Assert.assertEquals(Assert.java:463)
	at com.test.xcdhr.Core_HR_Sence_Check.AddPaymentOrDeduction.TC001_VerifyAddPaymentOrDeductionOneOffBenefitType.verifyPaymentAmount(TC001_VerifyAddPaymentOrDeductionOneOffBenefitType.java:96)
	at sun.reflect.NativeMethodAccessorImpl.invoke0(Native Method)
	at sun.reflect.NativeMethodAccessorImpl.invoke(Unknown Source)
	at sun.reflect.DelegatingMethodAccessorImpl.invoke(Unknown Source)
	at java.lang.reflect.Method.invoke(Unknown Source)
	at org.testng.internal.MethodInvocationHelper.invokeMethod(MethodInvocationHelper.java:124)
	at org.testng.internal.Invoker.invokeMethod(Invoker.java:580)
	at org.testng.internal.Invoker.invokeTestMethod(Invoker.java:716)
	at org.testng.internal.Invoker.invokeTestMethods(Invoker.java:988)
	at org.testng.internal.TestMethodWorker.invokeTestMethods(TestMethodWorker.java:125)
	at org.testng.internal.TestMethodWorker.run(TestMethodWorker.java:109)
	at org.testng.TestRunner.privateRun(TestRunner.java:648)
	at org.testng.TestRunner.run(TestRunner.java:505)
	at org.testng.SuiteRunner.runTest(SuiteRunner.java:455)
	at org.testng.SuiteRunner.runSequentially(SuiteRunner.java:450)
	at org.testng.SuiteRunner.privateRun(SuiteRunner.java:415)
	at org.testng.SuiteRunner.run(SuiteRunner.java:364)
	at org.testng.SuiteRunnerWorker.runSuite(SuiteRunnerWorker.java:52)
	at org.testng.SuiteRunnerWorker.run(SuiteRunnerWorker.java:84)
	at org.testng.TestNG.runSuitesSequentially(TestNG.java:1208)
	at org.testng.TestNG.runSuitesLocally(TestNG.java:1137)
	at org.testng.TestNG.runSuites(TestNG.java:1049)
	at org.testng.TestNG.run(TestNG.java:1017)
	at org.testng.remote.AbstractRemoteTestNG.run(AbstractRemoteTestNG.java:114)
	at org.testng.remote.RemoteTestNG.initAndRun(RemoteTestNG.java:251)
	at org.testng.remote.RemoteTestNG.main(RemoteTestNG.java:77)
</pre></div></td>
<td>0</td>
<td>com.test.xcdhr.Core_HR_Sence_Check.AddPaymentOrDeduction.TC001_VerifyAddPaymentOrDeductionOneOffBenefitType@691a7f8f</td></tr>
</table><p>
<table width='100%' border='1' class='invocation-passed'>
<tr><td colspan='4' align='center'><b>PASSED TESTS</b></td></tr>
<tr><td><b>Test method</b></td>
<td width="30%"><b>Exception</b></td>
<td width="10%"><b>Time (seconds)</b></td>
<td><b>Instance</b></td>
</tr>
<tr>
<td title='com.test.xcdhr.Core_HR_Sence_Check.AddPaymentOrDeduction.TC001_VerifyAddPaymentOrDeductionOneOffBenefitType.clickOnSearchedEmployeeAndRewardTab()'><b>clickOnSearchedEmployeeAndRewardTab</b><br>Test class: com.test.xcdhr.Core_HR_Sence_Check.AddPaymentOrDeduction.TC001_VerifyAddPaymentOrDeductionOneOffBenefitType</td>
<td></td>
<td>9</td>
<td>com.test.xcdhr.Core_HR_Sence_Check.AddPaymentOrDeduction.TC001_VerifyAddPaymentOrDeductionOneOffBenefitType@691a7f8f</td></tr>
<tr>
<td title='com.test.xcdhr.Core_HR_Sence_Check.AddPaymentOrDeduction.TC001_VerifyAddPaymentOrDeductionOneOffBenefitType.searchEmployeeRecord()'><b>searchEmployeeRecord</b><br>Test class: com.test.xcdhr.Core_HR_Sence_Check.AddPaymentOrDeduction.TC001_VerifyAddPaymentOrDeductionOneOffBenefitType<br>Parameters: esa@xcdhr.com.xcdtest, london2017!, Y<br/>
<a href="#Output-1568949719" onClick='toggleBox("Output-1568949719", this, "Show output", "Hide output");'>Show output</a>

<a href="#Output-1568949719" onClick="toggleAllBoxes();">Show all outputs</a>
<div class='log' id="Output-1568949719">
<a href='C:\SenseCheckCoreHR\Core_HR_Sence_Check\src\main\java\com\test\xcdhr\Core_HR_Sence_Check\ScreenShots\esa@xcdhr.com.xcdtest_06_03_2018_01_09_55.png'> <img src = 'C:\SenseCheckCoreHR\Core_HR_Sence_Check\src\main\java\com\test\xcdhr\Core_HR_Sence_Check\ScreenShots\esa@xcdhr.com.xcdtest_06_03_2018_01_09_55.png'height ='75 width ='75'/> </a><br/>
</div>
</td>
<td></td>
<td>42</td>
<td>com.test.xcdhr.Core_HR_Sence_Check.AddPaymentOrDeduction.TC001_VerifyAddPaymentOrDeductionOneOffBenefitType@691a7f8f</td></tr>
<tr>
<td title='com.test.xcdhr.Core_HR_Sence_Check.AddPaymentOrDeduction.TC001_VerifyAddPaymentOrDeductionOneOffBenefitType.verifyPaymentDedutonAndClick()'><b>verifyPaymentDedutonAndClick</b><br>Test class: com.test.xcdhr.Core_HR_Sence_Check.AddPaymentOrDeduction.TC001_VerifyAddPaymentOrDeductionOneOffBenefitType</td>
<td></td>
<td>6</td>
<td>com.test.xcdhr.Core_HR_Sence_Check.AddPaymentOrDeduction.TC001_VerifyAddPaymentOrDeductionOneOffBenefitType@691a7f8f</td></tr>
</table><p>
<table width='100%' border='1' class='invocation-skipped'>
<tr><td colspan='4' align='center'><b>SKIPPED TESTS</b></td></tr>
<tr><td><b>Test method</b></td>
<td width="30%"><b>Exception</b></td>
<td width="10%"><b>Time (seconds)</b></td>
<td><b>Instance</b></td>
</tr>
<tr>
<td title='com.test.xcdhr.Core_HR_Sence_Check.AddPaymentOrDeduction.TC001_VerifyAddPaymentOrDeductionOneOffBenefitType.verifyRecordType()'><b>verifyRecordType</b><br>Test class: com.test.xcdhr.Core_HR_Sence_Check.AddPaymentOrDeduction.TC001_VerifyAddPaymentOrDeductionOneOffBenefitType</td>
<td><div><pre>java.lang.Throwable: Method TC001_VerifyAddPaymentOrDeductionOneOffBenefitType.verifyRecordType(java.lang.String)[pri:0, instance:com.test.xcdhr.Core_HR_Sence_Check.AddPaymentOrDeduction.TC001_VerifyAddPaymentOrDeductionOneOffBenefitType@691a7f8f] depends on not successfully finished methods
... Removed 18 stack frames</pre></div><a href='#' onClick='toggleBox("stack-trace878598679", this, "Click to show all stack frames", "Click to hide stack frames")'>Click to show all stack frames</a>
<div class='stack-trace' id='stack-trace878598679'><pre>java.lang.Throwable: Method TC001_VerifyAddPaymentOrDeductionOneOffBenefitType.verifyRecordType(java.lang.String)[pri:0, instance:com.test.xcdhr.Core_HR_Sence_Check.AddPaymentOrDeduction.TC001_VerifyAddPaymentOrDeductionOneOffBenefitType@691a7f8f] depends on not successfully finished methods
	at org.testng.internal.Invoker.invokeTestMethods(Invoker.java:887)
	at org.testng.internal.TestMethodWorker.invokeTestMethods(TestMethodWorker.java:125)
	at org.testng.internal.TestMethodWorker.run(TestMethodWorker.java:109)
	at org.testng.TestRunner.privateRun(TestRunner.java:648)
	at org.testng.TestRunner.run(TestRunner.java:505)
	at org.testng.SuiteRunner.runTest(SuiteRunner.java:455)
	at org.testng.SuiteRunner.runSequentially(SuiteRunner.java:450)
	at org.testng.SuiteRunner.privateRun(SuiteRunner.java:415)
	at org.testng.SuiteRunner.run(SuiteRunner.java:364)
	at org.testng.SuiteRunnerWorker.runSuite(SuiteRunnerWorker.java:52)
	at org.testng.SuiteRunnerWorker.run(SuiteRunnerWorker.java:84)
	at org.testng.TestNG.runSuitesSequentially(TestNG.java:1208)
	at org.testng.TestNG.runSuitesLocally(TestNG.java:1137)
	at org.testng.TestNG.runSuites(TestNG.java:1049)
	at org.testng.TestNG.run(TestNG.java:1017)
	at org.testng.remote.AbstractRemoteTestNG.run(AbstractRemoteTestNG.java:114)
	at org.testng.remote.RemoteTestNG.initAndRun(RemoteTestNG.java:251)
	at org.testng.remote.RemoteTestNG.main(RemoteTestNG.java:77)
</pre></div></td>
<td>0</td>
<td>null</td></tr>
</table><p>
</body>
</html>