<?xml version="1.0" encoding="UTF-8"?>
<!-- Generated by org.testng.reporters.JUnitXMLReporter -->
<testsuite hostname="DESKTOP-ICBR68V" ignored="0" name="Verify paymentDeduction where type is One Off Benefit" tests="5" failures="1" timestamp="06 Mar 2018 07:40:19 GMT" time="71.841" errors="0">
  <testcase name="searchEmployeeRecord" time="42.86" classname="com.test.xcdhr.Core_HR_Sence_Check.AddPaymentOrDeduction.TC001_VerifyAddPaymentOrDeductionOneOffBenefitType"/>
  <testcase name="clickOnSearchedEmployeeAndRewardTab" time="9.476" classname="com.test.xcdhr.Core_HR_Sence_Check.AddPaymentOrDeduction.TC001_VerifyAddPaymentOrDeductionOneOffBenefitType"/>
  <testcase name="verifyPaymentDedutonAndClick" time="6.186" classname="com.test.xcdhr.Core_HR_Sence_Check.AddPaymentOrDeduction.TC001_VerifyAddPaymentOrDeductionOneOffBenefitType"/>
  <testcase name="verifyPaymentAmount" time="0.031" classname="com.test.xcdhr.Core_HR_Sence_Check.AddPaymentOrDeduction.TC001_VerifyAddPaymentOrDeductionOneOffBenefitType">
    <failure type="java.lang.AssertionError" message="expected [GBP 500.00] but found [GBP 0.00]">
      <![CDATA[java.lang.AssertionError: expected [GBP 500.00] but found [GBP 0.00]
at com.test.xcdhr.Core_HR_Sence_Check.AddPaymentOrDeduction.TC001_VerifyAddPaymentOrDeductionOneOffBenefitType.verifyPaymentAmount(TC001_VerifyAddPaymentOrDeductionOneOffBenefitType.java:96)
... Removed 31 stack frames]]>
    </failure>
  </testcase> <!-- verifyPaymentAmount -->
  <testcase name="verifyRecordType" time="0.0" classname="com.test.xcdhr.Core_HR_Sence_Check.AddPaymentOrDeduction.TC001_VerifyAddPaymentOrDeductionOneOffBenefitType">
    <skipped/>
  </testcase> <!-- verifyRecordType -->
</testsuite> <!-- Verify paymentDeduction where type is One Off Benefit -->
