<?xml version="1.0" encoding="UTF-8"?>
<!-- Generated by org.testng.reporters.JUnitXMLReporter -->
<testsuite hostname="DESKTOP-ICBR68V" ignored="0" name="2" tests="6" failures="1" timestamp="29 Jan 2018 13:28:47 GMT" time="116.787" errors="0">
  <testcase name="searchCreatedEmployee" time="53.84" classname="com.test.xcdhr.Core_HR_Sence_Check.JoinerProcess.TC001_VerifyJoiner_WithLicense"/>
  <testcase name="clickOnSearchedEmployee" time="11.901" classname="com.test.xcdhr.Core_HR_Sence_Check.JoinerProcess.TC001_VerifyJoiner_WithLicense"/>
  <testcase name="verifyJobTitleOfCreatedEmployee" time="5.443" classname="com.test.xcdhr.Core_HR_Sence_Check.JoinerProcess.TC001_VerifyJoiner_WithLicense"/>
  <testcase name="verifyEmployeeNameOnJobRoleAndGoBackToEmployment" time="0.258" classname="com.test.xcdhr.Core_HR_Sence_Check.JoinerProcess.TC001_VerifyJoiner_WithLicense"/>
  <testcase name="verifyRewardTabAndClickedRewardTab" time="38.254" classname="com.test.xcdhr.Core_HR_Sence_Check.JoinerProcess.TC001_VerifyJoiner_WithLicense">
    <failure type="org.openqa.selenium.StaleElementReferenceException" message="Element not found in the cache - perhaps the page has changed since it was looked up
Command duration or timeout: 30.05 seconds
For documentation on this error, please visit: http://seleniumhq.org/exceptions/stale_element_reference.html
Build info: version: &amp;apos;3.0.1&amp;apos;, revision: &amp;apos;1969d75&amp;apos;, time: &amp;apos;2016-10-18 09:49:13 -0700&amp;apos;
System info: host: &amp;apos;DESKTOP-ICBR68V&amp;apos;, ip: &amp;apos;192.168.1.131&amp;apos;, os.name: &amp;apos;Windows 10&amp;apos;, os.arch: &amp;apos;amd64&amp;apos;, os.version: &amp;apos;10.0&amp;apos;, java.version: &amp;apos;1.8.0_151&amp;apos;
Driver info: org.openqa.selenium.firefox.FirefoxDriver
Capabilities [{applicationCacheEnabled=true, rotatable=false, handlesAlerts=true, databaseEnabled=true, version=45.0.2, platform=WINDOWS, nativeEvents=false, acceptSslCerts=true, webStorageEnabled=true, locationContextEnabled=true, browserName=firefox, takesScreenshot=true, javascriptEnabled=true, cssSelectorsEnabled=true}]
Session ID: 3dc93771-cb0c-4fd7-bd44-dd15521626ed">
      <![CDATA[org.openqa.selenium.StaleElementReferenceException: Element not found in the cache - perhaps the page has changed since it was looked upCommand duration or timeout: 30.05 secondsFor documentation on this error, please visit: http://seleniumhq.org/exceptions/stale_element_reference.htmlBuild info: version: '3.0.1', revision: '1969d75', time: '2016-10-18 09:49:13 -0700'System info: host: 'DESKTOP-ICBR68V', ip: '192.168.1.131', os.name: 'Windows 10', os.arch: 'amd64', os.version: '10.0', java.version: '1.8.0_151'Driver info: org.openqa.selenium.firefox.FirefoxDriverCapabilities [{applicationCacheEnabled=true, rotatable=false, handlesAlerts=true, databaseEnabled=true, version=45.0.2, platform=WINDOWS, nativeEvents=false, acceptSslCerts=true, webStorageEnabled=true, locationContextEnabled=true, browserName=firefox, takesScreenshot=true, javascriptEnabled=true, cssSelectorsEnabled=true}]Session ID: 3dc93771-cb0c-4fd7-bd44-dd15521626edat org.openqa.selenium.remote.ErrorHandler.createThrowable(ErrorHandler.java:216)at org.openqa.selenium.remote.ErrorHandler.throwIfResponseFailed(ErrorHandler.java:168)at org.openqa.selenium.remote.RemoteWebDriver.execute(RemoteWebDriver.java:635)at org.openqa.selenium.remote.RemoteWebElement.execute(RemoteWebElement.java:274)at org.openqa.selenium.remote.RemoteWebElement.click(RemoteWebElement.java:84)at org.openqa.selenium.support.pagefactory.internal.LocatingElementHandler.invoke(LocatingElementHandler.java:51)at com.sun.proxy.$Proxy7.click(Unknown Source)at com.test.xcdhr.Core_Sence_Check.uiActions.JoinerFirstPage.clickRewardTab(JoinerFirstPage.java:450)at com.test.xcdhr.Core_HR_Sence_Check.JoinerProcess.TC001_VerifyJoiner_WithLicense.verifyRewardTabAndClickedRewardTab(TC001_VerifyJoiner_WithLicense.java:99)Caused by: org.openqa.selenium.StaleElementReferenceException: Element not found in the cache - perhaps the page has changed since it was looked upFor documentation on this error, please visit: http://seleniumhq.org/exceptions/stale_element_reference.htmlBuild info: version: '3.0.1', revision: '1969d75', time: '2016-10-18 09:49:13 -0700'System info: host: 'DESKTOP-ICBR68V', ip: '192.168.1.131', os.name: 'Windows 10', os.arch: 'amd64', os.version: '10.0', java.version: '1.8.0_151'Driver info: driver.version: unknownat <anonymous class>.fxdriver.cache.getElementAt(resource://fxdriver/modules/web-element-cache.js:9528)at <anonymous class>.Utils.getElementAt(file:///C:/Users/firoz/AppData/Local/Temp/anonymous2013785261468851180webdriver-profile/extensions/fxdriver@googlecode.com/components/command-processor.js:10202)at <anonymous class>.fxdriver.preconditions.visible(file:///C:/Users/firoz/AppData/Local/Temp/anonymous2013785261468851180webdriver-profile/extensions/fxdriver@googlecode.com/components/command-processor.js:10714)at <anonymous class>.DelayedCommand.prototype.checkPreconditions_(file:///C:/Users/firoz/AppData/Local/Temp/anonymous2013785261468851180webdriver-profile/extensions/fxdriver@googlecode.com/components/command-processor.js:12688)at <anonymous class>.DelayedCommand.prototype.executeInternal_/h(file:///C:/Users/firoz/AppData/Local/Temp/anonymous2013785261468851180webdriver-profile/extensions/fxdriver@googlecode.com/components/command-processor.js:12705)at <anonymous class>.fxdriver.Timer.prototype.setTimeout/<.notify(file:///C:/Users/firoz/AppData/Local/Temp/anonymous2013785261468851180webdriver-profile/extensions/fxdriver@googlecode.com/components/command-processor.js:720)... Removed 33 stack frames]]>
    </failure>
  </testcase> <!-- verifyRewardTabAndClickedRewardTab -->
  <testcase name="verifyAnnualSalaryOfCreatedCompensation" time="0.0" classname="com.test.xcdhr.Core_HR_Sence_Check.JoinerProcess.TC001_VerifyJoiner_WithLicense">
    <skipped/>
  </testcase> <!-- verifyAnnualSalaryOfCreatedCompensation -->
</testsuite> <!-- 2 -->
