<html>
<head>
<title>TestNG:  4</title>
<link href="../testng.css" rel="stylesheet" type="text/css" />
<link href="../my-testng.css" rel="stylesheet" type="text/css" />

<style type="text/css">
.log { display: none;} 
.stack-trace { display: none;} 
</style>
<script type="text/javascript">
<!--
function flip(e) {
  current = e.style.display;
  if (current == 'block') {
    e.style.display = 'none';
    return 0;
  }
  else {
    e.style.display = 'block';
    return 1;
  }
}

function toggleBox(szDivId, elem, msg1, msg2)
{
  var res = -1;  if (document.getElementById) {
    res = flip(document.getElementById(szDivId));
  }
  else if (document.all) {
    // this is the way old msie versions work
    res = flip(document.all[szDivId]);
  }
  if(elem) {
    if(res == 0) elem.innerHTML = msg1; else elem.innerHTML = msg2;
  }

}

function toggleAllBoxes() {
  if (document.getElementsByTagName) {
    d = document.getElementsByTagName('div');
    for (i = 0; i < d.length; i++) {
      if (d[i].className == 'log') {
        flip(d[i]);
      }
    }
  }
}

// -->
</script>

</head>
<body>
<h2 align='center'>4</h2><table border='1' align="center">
<tr>
<td>Tests passed/Failed/Skipped:</td><td>4/1/2</td>
</tr><tr>
<td>Started on:</td><td>Wed Feb 14 14:04:42 IST 2018</td>
</tr>
<tr><td>Total time:</td><td>94 seconds (94521 ms)</td>
</tr><tr>
<td>Included groups:</td><td></td>
</tr><tr>
<td>Excluded groups:</td><td></td>
</tr>
</table><p/>
<small><i>(Hover the method name to see the test class name)</i></small><p/>
<table width='100%' border='1' class='invocation-failed'>
<tr><td colspan='4' align='center'><b>FAILED TESTS</b></td></tr>
<tr><td><b>Test method</b></td>
<td width="30%"><b>Exception</b></td>
<td width="10%"><b>Time (seconds)</b></td>
<td><b>Instance</b></td>
</tr>
<tr>
<td title='com.test.xcdhr.Core_HR_Sence_Check.JoinerProcess.TC002_VerifyJoiner_WithLicenseWithExistingUser.verifyRewardTabAndClickedRewardTab()'><b>verifyRewardTabAndClickedRewardTab</b><br>Test class: com.test.xcdhr.Core_HR_Sence_Check.JoinerProcess.TC002_VerifyJoiner_WithLicenseWithExistingUser</td>
<td><div><pre>org.openqa.selenium.NoSuchElementException: Unable to locate element: {&quot;method&quot;:&quot;xpath&quot;,&quot;selector&quot;:&quot;//*[@id=&apos;j_id0:rewardHelp:CompensationBlock:j_id1100:0:j_id1101&apos;]/a&quot;}
Command duration or timeout: 30.14 seconds
For documentation on this error, please visit: http://seleniumhq.org/exceptions/no_such_element.html
Build info: version: &apos;3.0.1&apos;, revision: &apos;1969d75&apos;, time: &apos;2016-10-18 09:49:13 -0700&apos;
System info: host: &apos;DESKTOP-ICBR68V&apos;, ip: &apos;192.168.1.134&apos;, os.name: &apos;Windows 10&apos;, os.arch: &apos;amd64&apos;, os.version: &apos;10.0&apos;, java.version: &apos;1.8.0_151&apos;
Driver info: org.openqa.selenium.firefox.FirefoxDriver
Capabilities [{applicationCacheEnabled=true, rotatable=false, handlesAlerts=true, databaseEnabled=true, version=45.0.2, platform=WINDOWS, nativeEvents=false, acceptSslCerts=true, webStorageEnabled=true, locationContextEnabled=true, browserName=firefox, takesScreenshot=true, javascriptEnabled=true, cssSelectorsEnabled=true}]
Session ID: 16bb4273-a843-4114-9da2-39c2f00bd20e
*** Element info: {Using=xpath, value=//*[@id=&apos;j_id0:rewardHelp:CompensationBlock:j_id1100:0:j_id1101&apos;]/a}
	at org.openqa.selenium.remote.ErrorHandler.createThrowable(ErrorHandler.java:216)
	at org.openqa.selenium.remote.ErrorHandler.throwIfResponseFailed(ErrorHandler.java:168)
	at org.openqa.selenium.remote.RemoteWebDriver.execute(RemoteWebDriver.java:635)
	at org.openqa.selenium.remote.RemoteWebDriver.findElement(RemoteWebDriver.java:368)
	at org.openqa.selenium.remote.RemoteWebDriver.findElementByXPath(RemoteWebDriver.java:473)
	at org.openqa.selenium.By$ByXPath.findElement(By.java:361)
	at org.openqa.selenium.remote.RemoteWebDriver.findElement(RemoteWebDriver.java:360)
	at org.openqa.selenium.support.pagefactory.DefaultElementLocator.findElement(DefaultElementLocator.java:69)
	at org.openqa.selenium.support.pagefactory.internal.LocatingElementHandler.invoke(LocatingElementHandler.java:38)
	at com.sun.proxy.$Proxy8.click(Unknown Source)
	at com.test.xcdhr.Core_Sence_Check.uiActions.JoinerPage.clickRewardTab(JoinerPage.java:598)
	at com.test.xcdhr.Core_HR_Sence_Check.JoinerProcess.TC002_VerifyJoiner_WithLicenseWithExistingUser.verifyRewardTabAndClickedRewardTab(TC002_VerifyJoiner_WithLicenseWithExistingUser.java:100)
Caused by: org.openqa.selenium.NoSuchElementException: Unable to locate element: {&quot;method&quot;:&quot;xpath&quot;,&quot;selector&quot;:&quot;//*[@id=&apos;j_id0:rewardHelp:CompensationBlock:j_id1100:0:j_id1101&apos;]/a&quot;}
For documentation on this error, please visit: http://seleniumhq.org/exceptions/no_such_element.html
Build info: version: &apos;3.0.1&apos;, revision: &apos;1969d75&apos;, time: &apos;2016-10-18 09:49:13 -0700&apos;
System info: host: &apos;DESKTOP-ICBR68V&apos;, ip: &apos;192.168.1.134&apos;, os.name: &apos;Windows 10&apos;, os.arch: &apos;amd64&apos;, os.version: &apos;10.0&apos;, java.version: &apos;1.8.0_151&apos;
Driver info: driver.version: unknown
	at &lt;anonymous class&gt;.FirefoxDriver.prototype.findElementInternal_(file:///C:/Users/firoz/AppData/Local/Temp/anonymous4954126716206309918webdriver-profile/extensions/fxdriver@googlecode.com/components/driver-component.js:11187)
	at &lt;anonymous class&gt;.fxdriver.Timer.prototype.setTimeout/&lt;.notify(file:///C:/Users/firoz/AppData/Local/Temp/anonymous4954126716206309918webdriver-profile/extensions/fxdriver@googlecode.com/components/driver-component.js:792)
... Removed 29 stack frames</pre></div><a href='#' onClick='toggleBox("stack-trace1851255134", this, "Click to show all stack frames", "Click to hide stack frames")'>Click to show all stack frames</a>
<div class='stack-trace' id='stack-trace1851255134'><pre>org.openqa.selenium.NoSuchElementException: Unable to locate element: {&quot;method&quot;:&quot;xpath&quot;,&quot;selector&quot;:&quot;//*[@id=&apos;j_id0:rewardHelp:CompensationBlock:j_id1100:0:j_id1101&apos;]/a&quot;}
Command duration or timeout: 30.14 seconds
For documentation on this error, please visit: http://seleniumhq.org/exceptions/no_such_element.html
Build info: version: &apos;3.0.1&apos;, revision: &apos;1969d75&apos;, time: &apos;2016-10-18 09:49:13 -0700&apos;
System info: host: &apos;DESKTOP-ICBR68V&apos;, ip: &apos;192.168.1.134&apos;, os.name: &apos;Windows 10&apos;, os.arch: &apos;amd64&apos;, os.version: &apos;10.0&apos;, java.version: &apos;1.8.0_151&apos;
Driver info: org.openqa.selenium.firefox.FirefoxDriver
Capabilities [{applicationCacheEnabled=true, rotatable=false, handlesAlerts=true, databaseEnabled=true, version=45.0.2, platform=WINDOWS, nativeEvents=false, acceptSslCerts=true, webStorageEnabled=true, locationContextEnabled=true, browserName=firefox, takesScreenshot=true, javascriptEnabled=true, cssSelectorsEnabled=true}]
Session ID: 16bb4273-a843-4114-9da2-39c2f00bd20e
*** Element info: {Using=xpath, value=//*[@id=&apos;j_id0:rewardHelp:CompensationBlock:j_id1100:0:j_id1101&apos;]/a}
	at sun.reflect.NativeConstructorAccessorImpl.newInstance0(Native Method)
	at sun.reflect.NativeConstructorAccessorImpl.newInstance(Unknown Source)
	at sun.reflect.DelegatingConstructorAccessorImpl.newInstance(Unknown Source)
	at java.lang.reflect.Constructor.newInstance(Unknown Source)
	at org.openqa.selenium.remote.ErrorHandler.createThrowable(ErrorHandler.java:216)
	at org.openqa.selenium.remote.ErrorHandler.throwIfResponseFailed(ErrorHandler.java:168)
	at org.openqa.selenium.remote.RemoteWebDriver.execute(RemoteWebDriver.java:635)
	at org.openqa.selenium.remote.RemoteWebDriver.findElement(RemoteWebDriver.java:368)
	at org.openqa.selenium.remote.RemoteWebDriver.findElementByXPath(RemoteWebDriver.java:473)
	at org.openqa.selenium.By$ByXPath.findElement(By.java:361)
	at org.openqa.selenium.remote.RemoteWebDriver.findElement(RemoteWebDriver.java:360)
	at org.openqa.selenium.support.pagefactory.DefaultElementLocator.findElement(DefaultElementLocator.java:69)
	at org.openqa.selenium.support.pagefactory.internal.LocatingElementHandler.invoke(LocatingElementHandler.java:38)
	at com.sun.proxy.$Proxy8.click(Unknown Source)
	at com.test.xcdhr.Core_Sence_Check.uiActions.JoinerPage.clickRewardTab(JoinerPage.java:598)
	at com.test.xcdhr.Core_HR_Sence_Check.JoinerProcess.TC002_VerifyJoiner_WithLicenseWithExistingUser.verifyRewardTabAndClickedRewardTab(TC002_VerifyJoiner_WithLicenseWithExistingUser.java:100)
	at sun.reflect.NativeMethodAccessorImpl.invoke0(Native Method)
	at sun.reflect.NativeMethodAccessorImpl.invoke(Unknown Source)
	at sun.reflect.DelegatingMethodAccessorImpl.invoke(Unknown Source)
	at java.lang.reflect.Method.invoke(Unknown Source)
	at org.testng.internal.MethodInvocationHelper.invokeMethod(MethodInvocationHelper.java:124)
	at org.testng.internal.Invoker.invokeMethod(Invoker.java:571)
	at org.testng.internal.Invoker.invokeTestMethod(Invoker.java:707)
	at org.testng.internal.Invoker.invokeTestMethods(Invoker.java:979)
	at org.testng.internal.TestMethodWorker.invokeTestMethods(TestMethodWorker.java:125)
	at org.testng.internal.TestMethodWorker.run(TestMethodWorker.java:109)
	at org.testng.TestRunner.privateRun(TestRunner.java:648)
	at org.testng.TestRunner.run(TestRunner.java:505)
	at org.testng.SuiteRunner.runTest(SuiteRunner.java:455)
	at org.testng.SuiteRunner.runSequentially(SuiteRunner.java:450)
	at org.testng.SuiteRunner.privateRun(SuiteRunner.java:415)
	at org.testng.SuiteRunner.run(SuiteRunner.java:364)
	at org.testng.SuiteRunnerWorker.runSuite(SuiteRunnerWorker.java:52)
	at org.testng.SuiteRunnerWorker.run(SuiteRunnerWorker.java:84)
	at org.testng.TestNG.runSuitesSequentially(TestNG.java:1187)
	at org.testng.TestNG.runSuitesLocally(TestNG.java:1116)
	at org.testng.TestNG.runSuites(TestNG.java:1028)
	at org.testng.TestNG.run(TestNG.java:996)
	at org.testng.remote.AbstractRemoteTestNG.run(AbstractRemoteTestNG.java:114)
	at org.testng.remote.RemoteTestNG.initAndRun(RemoteTestNG.java:251)
	at org.testng.remote.RemoteTestNG.main(RemoteTestNG.java:77)
Caused by: org.openqa.selenium.NoSuchElementException: Unable to locate element: {&quot;method&quot;:&quot;xpath&quot;,&quot;selector&quot;:&quot;//*[@id=&apos;j_id0:rewardHelp:CompensationBlock:j_id1100:0:j_id1101&apos;]/a&quot;}
For documentation on this error, please visit: http://seleniumhq.org/exceptions/no_such_element.html
Build info: version: &apos;3.0.1&apos;, revision: &apos;1969d75&apos;, time: &apos;2016-10-18 09:49:13 -0700&apos;
System info: host: &apos;DESKTOP-ICBR68V&apos;, ip: &apos;192.168.1.134&apos;, os.name: &apos;Windows 10&apos;, os.arch: &apos;amd64&apos;, os.version: &apos;10.0&apos;, java.version: &apos;1.8.0_151&apos;
Driver info: driver.version: unknown
	at &lt;anonymous class&gt;.FirefoxDriver.prototype.findElementInternal_(file:///C:/Users/firoz/AppData/Local/Temp/anonymous4954126716206309918webdriver-profile/extensions/fxdriver@googlecode.com/components/driver-component.js:11187)
	at &lt;anonymous class&gt;.fxdriver.Timer.prototype.setTimeout/&lt;.notify(file:///C:/Users/firoz/AppData/Local/Temp/anonymous4954126716206309918webdriver-profile/extensions/fxdriver@googlecode.com/components/driver-component.js:792)
</pre></div></td>
<td>37</td>
<td>com.test.xcdhr.Core_HR_Sence_Check.JoinerProcess.TC002_VerifyJoiner_WithLicenseWithExistingUser@b3d7190</td></tr>
</table><p>
<table width='100%' border='1' class='invocation-passed'>
<tr><td colspan='4' align='center'><b>PASSED TESTS</b></td></tr>
<tr><td><b>Test method</b></td>
<td width="30%"><b>Exception</b></td>
<td width="10%"><b>Time (seconds)</b></td>
<td><b>Instance</b></td>
</tr>
<tr>
<td title='com.test.xcdhr.Core_HR_Sence_Check.JoinerProcess.TC002_VerifyJoiner_WithLicenseWithExistingUser.clickOnSearchedEmployee()'><b>clickOnSearchedEmployee</b><br>Test class: com.test.xcdhr.Core_HR_Sence_Check.JoinerProcess.TC002_VerifyJoiner_WithLicenseWithExistingUser</td>
<td></td>
<td>10</td>
<td>com.test.xcdhr.Core_HR_Sence_Check.JoinerProcess.TC002_VerifyJoiner_WithLicenseWithExistingUser@b3d7190</td></tr>
<tr>
<td title='com.test.xcdhr.Core_HR_Sence_Check.JoinerProcess.TC002_VerifyJoiner_WithLicenseWithExistingUser.searchCreatedEmployee()'><b>searchCreatedEmployee</b><br>Test class: com.test.xcdhr.Core_HR_Sence_Check.JoinerProcess.TC002_VerifyJoiner_WithLicenseWithExistingUser<br>Parameters: payrollautoregress@xcdhr.com, xcdhrms2018, Y</td>
<td></td>
<td>38</td>
<td>com.test.xcdhr.Core_HR_Sence_Check.JoinerProcess.TC002_VerifyJoiner_WithLicenseWithExistingUser@b3d7190</td></tr>
<tr>
<td title='com.test.xcdhr.Core_HR_Sence_Check.JoinerProcess.TC002_VerifyJoiner_WithLicenseWithExistingUser.verifyEmployeeNameOnJobRoleAndGoBackToEmployment()'><b>verifyEmployeeNameOnJobRoleAndGoBackToEmployment</b><br>Test class: com.test.xcdhr.Core_HR_Sence_Check.JoinerProcess.TC002_VerifyJoiner_WithLicenseWithExistingUser</td>
<td></td>
<td>0</td>
<td>com.test.xcdhr.Core_HR_Sence_Check.JoinerProcess.TC002_VerifyJoiner_WithLicenseWithExistingUser@b3d7190</td></tr>
<tr>
<td title='com.test.xcdhr.Core_HR_Sence_Check.JoinerProcess.TC002_VerifyJoiner_WithLicenseWithExistingUser.verifyJobTitleOfCreatedEmployee()'><b>verifyJobTitleOfCreatedEmployee</b><br>Test class: com.test.xcdhr.Core_HR_Sence_Check.JoinerProcess.TC002_VerifyJoiner_WithLicenseWithExistingUser<br>Parameters: Tester</td>
<td></td>
<td>2</td>
<td>com.test.xcdhr.Core_HR_Sence_Check.JoinerProcess.TC002_VerifyJoiner_WithLicenseWithExistingUser@b3d7190</td></tr>
</table><p>
<table width='100%' border='1' class='invocation-skipped'>
<tr><td colspan='4' align='center'><b>SKIPPED TESTS</b></td></tr>
<tr><td><b>Test method</b></td>
<td width="30%"><b>Exception</b></td>
<td width="10%"><b>Time (seconds)</b></td>
<td><b>Instance</b></td>
</tr>
<tr>
<td title='com.test.xcdhr.Core_HR_Sence_Check.JoinerProcess.TC002_VerifyJoiner_WithLicenseWithExistingUser.endBrowser()'><b>endBrowser</b><br>Test class: com.test.xcdhr.Core_HR_Sence_Check.JoinerProcess.TC002_VerifyJoiner_WithLicenseWithExistingUser</td>
<td><div><pre>java.lang.Throwable: Method TC002_VerifyJoiner_WithLicenseWithExistingUser.endBrowser()[pri:0, instance:com.test.xcdhr.Core_HR_Sence_Check.JoinerProcess.TC002_VerifyJoiner_WithLicenseWithExistingUser@b3d7190] depends on not successfully finished methods
... Removed 18 stack frames</pre></div><a href='#' onClick='toggleBox("stack-trace1443675930", this, "Click to show all stack frames", "Click to hide stack frames")'>Click to show all stack frames</a>
<div class='stack-trace' id='stack-trace1443675930'><pre>java.lang.Throwable: Method TC002_VerifyJoiner_WithLicenseWithExistingUser.endBrowser()[pri:0, instance:com.test.xcdhr.Core_HR_Sence_Check.JoinerProcess.TC002_VerifyJoiner_WithLicenseWithExistingUser@b3d7190] depends on not successfully finished methods
	at org.testng.internal.Invoker.invokeTestMethods(Invoker.java:878)
	at org.testng.internal.TestMethodWorker.invokeTestMethods(TestMethodWorker.java:125)
	at org.testng.internal.TestMethodWorker.run(TestMethodWorker.java:109)
	at org.testng.TestRunner.privateRun(TestRunner.java:648)
	at org.testng.TestRunner.run(TestRunner.java:505)
	at org.testng.SuiteRunner.runTest(SuiteRunner.java:455)
	at org.testng.SuiteRunner.runSequentially(SuiteRunner.java:450)
	at org.testng.SuiteRunner.privateRun(SuiteRunner.java:415)
	at org.testng.SuiteRunner.run(SuiteRunner.java:364)
	at org.testng.SuiteRunnerWorker.runSuite(SuiteRunnerWorker.java:52)
	at org.testng.SuiteRunnerWorker.run(SuiteRunnerWorker.java:84)
	at org.testng.TestNG.runSuitesSequentially(TestNG.java:1187)
	at org.testng.TestNG.runSuitesLocally(TestNG.java:1116)
	at org.testng.TestNG.runSuites(TestNG.java:1028)
	at org.testng.TestNG.run(TestNG.java:996)
	at org.testng.remote.AbstractRemoteTestNG.run(AbstractRemoteTestNG.java:114)
	at org.testng.remote.RemoteTestNG.initAndRun(RemoteTestNG.java:251)
	at org.testng.remote.RemoteTestNG.main(RemoteTestNG.java:77)
</pre></div></td>
<td>0</td>
<td>null</td></tr>
<tr>
<td title='com.test.xcdhr.Core_HR_Sence_Check.JoinerProcess.TC002_VerifyJoiner_WithLicenseWithExistingUser.verifyAnnualSalaryOfCreatedCompensation()'><b>verifyAnnualSalaryOfCreatedCompensation</b><br>Test class: com.test.xcdhr.Core_HR_Sence_Check.JoinerProcess.TC002_VerifyJoiner_WithLicenseWithExistingUser</td>
<td><div><pre>java.lang.Throwable: Method TC002_VerifyJoiner_WithLicenseWithExistingUser.verifyAnnualSalaryOfCreatedCompensation(java.lang.String)[pri:0, instance:com.test.xcdhr.Core_HR_Sence_Check.JoinerProcess.TC002_VerifyJoiner_WithLicenseWithExistingUser@b3d7190] depends on not successfully finished methods
... Removed 18 stack frames</pre></div><a href='#' onClick='toggleBox("stack-trace1457226878", this, "Click to show all stack frames", "Click to hide stack frames")'>Click to show all stack frames</a>
<div class='stack-trace' id='stack-trace1457226878'><pre>java.lang.Throwable: Method TC002_VerifyJoiner_WithLicenseWithExistingUser.verifyAnnualSalaryOfCreatedCompensation(java.lang.String)[pri:0, instance:com.test.xcdhr.Core_HR_Sence_Check.JoinerProcess.TC002_VerifyJoiner_WithLicenseWithExistingUser@b3d7190] depends on not successfully finished methods
	at org.testng.internal.Invoker.invokeTestMethods(Invoker.java:878)
	at org.testng.internal.TestMethodWorker.invokeTestMethods(TestMethodWorker.java:125)
	at org.testng.internal.TestMethodWorker.run(TestMethodWorker.java:109)
	at org.testng.TestRunner.privateRun(TestRunner.java:648)
	at org.testng.TestRunner.run(TestRunner.java:505)
	at org.testng.SuiteRunner.runTest(SuiteRunner.java:455)
	at org.testng.SuiteRunner.runSequentially(SuiteRunner.java:450)
	at org.testng.SuiteRunner.privateRun(SuiteRunner.java:415)
	at org.testng.SuiteRunner.run(SuiteRunner.java:364)
	at org.testng.SuiteRunnerWorker.runSuite(SuiteRunnerWorker.java:52)
	at org.testng.SuiteRunnerWorker.run(SuiteRunnerWorker.java:84)
	at org.testng.TestNG.runSuitesSequentially(TestNG.java:1187)
	at org.testng.TestNG.runSuitesLocally(TestNG.java:1116)
	at org.testng.TestNG.runSuites(TestNG.java:1028)
	at org.testng.TestNG.run(TestNG.java:996)
	at org.testng.remote.AbstractRemoteTestNG.run(AbstractRemoteTestNG.java:114)
	at org.testng.remote.RemoteTestNG.initAndRun(RemoteTestNG.java:251)
	at org.testng.remote.RemoteTestNG.main(RemoteTestNG.java:77)
</pre></div></td>
<td>0</td>
<td>null</td></tr>
</table><p>
</body>
</html>