<?xml version="1.0" encoding="UTF-8"?>
<!-- Generated by org.testng.reporters.JUnitXMLReporter -->
<testsuite hostname="DESKTOP-ICBR68V" ignored="0" name="4" tests="7" failures="1" timestamp="14 Feb 2018 08:36:16 GMT" time="94.521" errors="0">
  <testcase name="searchCreatedEmployee" time="38.714" classname="com.test.xcdhr.Core_HR_Sence_Check.JoinerProcess.TC002_VerifyJoiner_WithLicenseWithExistingUser"/>
  <testcase name="clickOnSearchedEmployee" time="10.076" classname="com.test.xcdhr.Core_HR_Sence_Check.JoinerProcess.TC002_VerifyJoiner_WithLicenseWithExistingUser"/>
  <testcase name="verifyJobTitleOfCreatedEmployee" time="2.251" classname="com.test.xcdhr.Core_HR_Sence_Check.JoinerProcess.TC002_VerifyJoiner_WithLicenseWithExistingUser"/>
  <testcase name="verifyEmployeeNameOnJobRoleAndGoBackToEmployment" time="0.419" classname="com.test.xcdhr.Core_HR_Sence_Check.JoinerProcess.TC002_VerifyJoiner_WithLicenseWithExistingUser"/>
  <testcase name="verifyRewardTabAndClickedRewardTab" time="37.736" classname="com.test.xcdhr.Core_HR_Sence_Check.JoinerProcess.TC002_VerifyJoiner_WithLicenseWithExistingUser">
    <failure type="org.openqa.selenium.NoSuchElementException" message="Unable to locate element: {&amp;quot;method&amp;quot;:&amp;quot;xpath&amp;quot;,&amp;quot;selector&amp;quot;:&amp;quot;//*[@id=&amp;apos;j_id0:rewardHelp:CompensationBlock:j_id1100:0:j_id1101&amp;apos;]/a&amp;quot;}
Command duration or timeout: 30.14 seconds
For documentation on this error, please visit: http://seleniumhq.org/exceptions/no_such_element.html
Build info: version: &amp;apos;3.0.1&amp;apos;, revision: &amp;apos;1969d75&amp;apos;, time: &amp;apos;2016-10-18 09:49:13 -0700&amp;apos;
System info: host: &amp;apos;DESKTOP-ICBR68V&amp;apos;, ip: &amp;apos;192.168.1.134&amp;apos;, os.name: &amp;apos;Windows 10&amp;apos;, os.arch: &amp;apos;amd64&amp;apos;, os.version: &amp;apos;10.0&amp;apos;, java.version: &amp;apos;1.8.0_151&amp;apos;
Driver info: org.openqa.selenium.firefox.FirefoxDriver
Capabilities [{applicationCacheEnabled=true, rotatable=false, handlesAlerts=true, databaseEnabled=true, version=45.0.2, platform=WINDOWS, nativeEvents=false, acceptSslCerts=true, webStorageEnabled=true, locationContextEnabled=true, browserName=firefox, takesScreenshot=true, javascriptEnabled=true, cssSelectorsEnabled=true}]
Session ID: 16bb4273-a843-4114-9da2-39c2f00bd20e
*** Element info: {Using=xpath, value=//*[@id=&amp;apos;j_id0:rewardHelp:CompensationBlock:j_id1100:0:j_id1101&amp;apos;]/a}">
      <![CDATA[org.openqa.selenium.NoSuchElementException: Unable to locate element: {"method":"xpath","selector":"//*[@id='j_id0:rewardHelp:CompensationBlock:j_id1100:0:j_id1101']/a"}Command duration or timeout: 30.14 secondsFor documentation on this error, please visit: http://seleniumhq.org/exceptions/no_such_element.htmlBuild info: version: '3.0.1', revision: '1969d75', time: '2016-10-18 09:49:13 -0700'System info: host: 'DESKTOP-ICBR68V', ip: '192.168.1.134', os.name: 'Windows 10', os.arch: 'amd64', os.version: '10.0', java.version: '1.8.0_151'Driver info: org.openqa.selenium.firefox.FirefoxDriverCapabilities [{applicationCacheEnabled=true, rotatable=false, handlesAlerts=true, databaseEnabled=true, version=45.0.2, platform=WINDOWS, nativeEvents=false, acceptSslCerts=true, webStorageEnabled=true, locationContextEnabled=true, browserName=firefox, takesScreenshot=true, javascriptEnabled=true, cssSelectorsEnabled=true}]Session ID: 16bb4273-a843-4114-9da2-39c2f00bd20e*** Element info: {Using=xpath, value=//*[@id='j_id0:rewardHelp:CompensationBlock:j_id1100:0:j_id1101']/a}at org.openqa.selenium.remote.ErrorHandler.createThrowable(ErrorHandler.java:216)at org.openqa.selenium.remote.ErrorHandler.throwIfResponseFailed(ErrorHandler.java:168)at org.openqa.selenium.remote.RemoteWebDriver.execute(RemoteWebDriver.java:635)at org.openqa.selenium.remote.RemoteWebDriver.findElement(RemoteWebDriver.java:368)at org.openqa.selenium.remote.RemoteWebDriver.findElementByXPath(RemoteWebDriver.java:473)at org.openqa.selenium.By$ByXPath.findElement(By.java:361)at org.openqa.selenium.remote.RemoteWebDriver.findElement(RemoteWebDriver.java:360)at org.openqa.selenium.support.pagefactory.DefaultElementLocator.findElement(DefaultElementLocator.java:69)at org.openqa.selenium.support.pagefactory.internal.LocatingElementHandler.invoke(LocatingElementHandler.java:38)at com.sun.proxy.$Proxy8.click(Unknown Source)at com.test.xcdhr.Core_Sence_Check.uiActions.JoinerPage.clickRewardTab(JoinerPage.java:598)at com.test.xcdhr.Core_HR_Sence_Check.JoinerProcess.TC002_VerifyJoiner_WithLicenseWithExistingUser.verifyRewardTabAndClickedRewardTab(TC002_VerifyJoiner_WithLicenseWithExistingUser.java:100)Caused by: org.openqa.selenium.NoSuchElementException: Unable to locate element: {"method":"xpath","selector":"//*[@id='j_id0:rewardHelp:CompensationBlock:j_id1100:0:j_id1101']/a"}For documentation on this error, please visit: http://seleniumhq.org/exceptions/no_such_element.htmlBuild info: version: '3.0.1', revision: '1969d75', time: '2016-10-18 09:49:13 -0700'System info: host: 'DESKTOP-ICBR68V', ip: '192.168.1.134', os.name: 'Windows 10', os.arch: 'amd64', os.version: '10.0', java.version: '1.8.0_151'Driver info: driver.version: unknownat <anonymous class>.FirefoxDriver.prototype.findElementInternal_(file:///C:/Users/firoz/AppData/Local/Temp/anonymous4954126716206309918webdriver-profile/extensions/fxdriver@googlecode.com/components/driver-component.js:11187)at <anonymous class>.fxdriver.Timer.prototype.setTimeout/<.notify(file:///C:/Users/firoz/AppData/Local/Temp/anonymous4954126716206309918webdriver-profile/extensions/fxdriver@googlecode.com/components/driver-component.js:792)... Removed 29 stack frames]]>
    </failure>
  </testcase> <!-- verifyRewardTabAndClickedRewardTab -->
  <testcase name="verifyAnnualSalaryOfCreatedCompensation" time="0.0" classname="com.test.xcdhr.Core_HR_Sence_Check.JoinerProcess.TC002_VerifyJoiner_WithLicenseWithExistingUser">
    <skipped/>
  </testcase> <!-- verifyAnnualSalaryOfCreatedCompensation -->
  <testcase name="endBrowser" time="0.0" classname="com.test.xcdhr.Core_HR_Sence_Check.JoinerProcess.TC002_VerifyJoiner_WithLicenseWithExistingUser">
    <skipped/>
  </testcase> <!-- endBrowser -->
</testsuite> <!-- 4 -->
